2022-02-15 08:27:19,142 INFO    MainThread:152802 [internal.py:wandb_internal():91] W&B internal server running at pid: 152802, started at: 2022-02-15 08:27:19.142563
2022-02-15 08:27:19,144 DEBUG   HandlerThread:152802 [handler.py:handle_request():120] handle_request: check_version
2022-02-15 08:27:19,144 INFO    WriterThread:152802 [datastore.py:open_for_write():77] open: /workspace/graph-neural-pde/src/wandb/run-20220215_082718-Clipping alpha=2.0 - bound=0.25000000000000006/run-Clipping alpha=2.0 - bound=0.25000000000000006.wandb
2022-02-15 08:27:19,145 DEBUG   SenderThread:152802 [sender.py:send():160] send: header
2022-02-15 08:27:19,145 DEBUG   SenderThread:152802 [sender.py:send():160] send: request
2022-02-15 08:27:19,145 DEBUG   SenderThread:152802 [sender.py:send_request():169] send_request: check_version
2022-02-15 08:27:19,332 DEBUG   SenderThread:152802 [sender.py:send():160] send: run
2022-02-15 08:27:19,830 INFO    SenderThread:152802 [sender.py:_start_run_threads():654] run started: Clipping alpha=2.0 - bound=0.25000000000000006 with start time 1644913638
2022-02-15 08:27:19,831 DEBUG   SenderThread:152802 [sender.py:send():160] send: summary
2022-02-15 08:27:19,831 INFO    SenderThread:152802 [sender.py:_save_file():781] saving file wandb-summary.json with policy end
2022-02-15 08:27:19,837 DEBUG   HandlerThread:152802 [handler.py:handle_request():120] handle_request: run_start
2022-02-15 08:27:20,875 DEBUG   HandlerThread:152802 [meta.py:__init__():39] meta init
2022-02-15 08:27:20,875 DEBUG   HandlerThread:152802 [meta.py:__init__():53] meta init done
2022-02-15 08:27:20,875 DEBUG   HandlerThread:152802 [meta.py:probe():210] probe
2022-02-15 08:27:20,876 DEBUG   HandlerThread:152802 [meta.py:_setup_git():200] setup git
2022-02-15 08:27:20,888 DEBUG   HandlerThread:152802 [meta.py:_setup_git():207] setup git done
2022-02-15 08:27:20,888 DEBUG   HandlerThread:152802 [meta.py:_save_pip():57] save pip
2022-02-15 08:27:20,888 DEBUG   HandlerThread:152802 [meta.py:_save_pip():71] save pip done
2022-02-15 08:27:20,888 DEBUG   HandlerThread:152802 [meta.py:_save_conda():78] save conda
2022-02-15 08:27:23,404 DEBUG   HandlerThread:152802 [meta.py:_save_conda():86] save conda done
2022-02-15 08:27:23,404 DEBUG   HandlerThread:152802 [meta.py:probe():252] probe done
2022-02-15 08:27:23,406 DEBUG   SenderThread:152802 [sender.py:send():160] send: files
2022-02-15 08:27:23,406 INFO    SenderThread:152802 [sender.py:_save_file():781] saving file wandb-metadata.json with policy now
2022-02-15 08:27:23,409 DEBUG   HandlerThread:152802 [handler.py:handle_request():120] handle_request: status
2022-02-15 08:27:23,409 DEBUG   SenderThread:152802 [sender.py:send():160] send: request
2022-02-15 08:27:23,409 DEBUG   SenderThread:152802 [sender.py:send_request():169] send_request: status
2022-02-15 08:27:26,798 DEBUG   SenderThread:152802 [sender.py:send():160] send: history
2022-02-15 08:27:26,800 DEBUG   SenderThread:152802 [sender.py:send():160] send: summary
2022-02-15 08:27:26,801 INFO    SenderThread:152802 [sender.py:_save_file():781] saving file wandb-summary.json with policy end
2022-02-15 08:27:30,301 DEBUG   SenderThread:152802 [sender.py:send():160] send: history
2022-02-15 08:27:30,302 DEBUG   SenderThread:152802 [sender.py:send():160] send: summary
2022-02-15 08:27:30,308 INFO    SenderThread:152802 [sender.py:_save_file():781] saving file wandb-summary.json with policy end
2022-02-15 08:27:33,763 DEBUG   SenderThread:152802 [sender.py:send():160] send: history
2022-02-15 08:27:33,764 DEBUG   SenderThread:152802 [sender.py:send():160] send: summary
2022-02-15 08:27:33,766 INFO    SenderThread:152802 [sender.py:_save_file():781] saving file wandb-summary.json with policy end
2022-02-15 08:27:37,207 DEBUG   SenderThread:152802 [sender.py:send():160] send: history
2022-02-15 08:27:37,208 DEBUG   SenderThread:152802 [sender.py:send():160] send: summary
2022-02-15 08:27:37,210 INFO    SenderThread:152802 [sender.py:_save_file():781] saving file wandb-summary.json with policy end
2022-02-15 08:27:38,801 DEBUG   HandlerThread:152802 [handler.py:handle_request():120] handle_request: status
2022-02-15 08:27:38,801 DEBUG   SenderThread:152802 [sender.py:send():160] send: request
2022-02-15 08:27:38,801 DEBUG   SenderThread:152802 [sender.py:send_request():169] send_request: status
2022-02-15 08:27:40,669 DEBUG   SenderThread:152802 [sender.py:send():160] send: history
2022-02-15 08:27:40,670 DEBUG   SenderThread:152802 [sender.py:send():160] send: summary
2022-02-15 08:27:40,676 INFO    SenderThread:152802 [sender.py:_save_file():781] saving file wandb-summary.json with policy end
2022-02-15 08:27:44,146 DEBUG   SenderThread:152802 [sender.py:send():160] send: history
2022-02-15 08:27:44,147 DEBUG   SenderThread:152802 [sender.py:send():160] send: summary
2022-02-15 08:27:44,148 INFO    SenderThread:152802 [sender.py:_save_file():781] saving file wandb-summary.json with policy end
2022-02-15 08:27:47,622 DEBUG   SenderThread:152802 [sender.py:send():160] send: history
2022-02-15 08:27:47,623 DEBUG   SenderThread:152802 [sender.py:send():160] send: summary
2022-02-15 08:27:47,629 INFO    SenderThread:152802 [sender.py:_save_file():781] saving file wandb-summary.json with policy end
2022-02-15 08:27:48,937 DEBUG   SenderThread:152802 [sender.py:send():160] send: stats
2022-02-15 08:27:51,017 DEBUG   SenderThread:152802 [sender.py:send():160] send: history
2022-02-15 08:27:51,019 DEBUG   SenderThread:152802 [sender.py:send():160] send: summary
2022-02-15 08:27:51,024 INFO    SenderThread:152802 [sender.py:_save_file():781] saving file wandb-summary.json with policy end
2022-02-15 08:27:54,233 DEBUG   HandlerThread:152802 [handler.py:handle_request():120] handle_request: status
2022-02-15 08:27:54,233 DEBUG   SenderThread:152802 [sender.py:send():160] send: request
2022-02-15 08:27:54,233 DEBUG   SenderThread:152802 [sender.py:send_request():169] send_request: status
2022-02-15 08:27:54,656 DEBUG   SenderThread:152802 [sender.py:send():160] send: history
2022-02-15 08:27:54,656 DEBUG   SenderThread:152802 [sender.py:send():160] send: summary
2022-02-15 08:27:54,656 INFO    SenderThread:152802 [sender.py:_save_file():781] saving file wandb-summary.json with policy end
2022-02-15 08:27:57,767 DEBUG   SenderThread:152802 [sender.py:send():160] send: history
2022-02-15 08:27:57,768 DEBUG   SenderThread:152802 [sender.py:send():160] send: summary
2022-02-15 08:27:57,773 INFO    SenderThread:152802 [sender.py:_save_file():781] saving file wandb-summary.json with policy end
2022-02-15 08:28:01,126 DEBUG   SenderThread:152802 [sender.py:send():160] send: history
2022-02-15 08:28:01,127 DEBUG   SenderThread:152802 [sender.py:send():160] send: summary
2022-02-15 08:28:01,132 INFO    SenderThread:152802 [sender.py:_save_file():781] saving file wandb-summary.json with policy end
2022-02-15 08:28:04,532 DEBUG   SenderThread:152802 [sender.py:send():160] send: history
2022-02-15 08:28:04,533 DEBUG   SenderThread:152802 [sender.py:send():160] send: summary
2022-02-15 08:28:04,535 INFO    SenderThread:152802 [sender.py:_save_file():781] saving file wandb-summary.json with policy end
2022-02-15 08:28:07,883 DEBUG   SenderThread:152802 [sender.py:send():160] send: history
2022-02-15 08:28:07,884 DEBUG   SenderThread:152802 [sender.py:send():160] send: summary
2022-02-15 08:28:07,890 INFO    SenderThread:152802 [sender.py:_save_file():781] saving file wandb-summary.json with policy end
2022-02-15 08:28:09,656 DEBUG   HandlerThread:152802 [handler.py:handle_request():120] handle_request: status
2022-02-15 08:28:09,657 DEBUG   SenderThread:152802 [sender.py:send():160] send: request
2022-02-15 08:28:09,657 DEBUG   SenderThread:152802 [sender.py:send_request():169] send_request: status
2022-02-15 08:28:11,217 DEBUG   SenderThread:152802 [sender.py:send():160] send: history
2022-02-15 08:28:11,219 DEBUG   SenderThread:152802 [sender.py:send():160] send: summary
2022-02-15 08:28:11,225 INFO    SenderThread:152802 [sender.py:_save_file():781] saving file wandb-summary.json with policy end
2022-02-15 08:28:14,526 DEBUG   SenderThread:152802 [sender.py:send():160] send: history
2022-02-15 08:28:14,527 DEBUG   SenderThread:152802 [sender.py:send():160] send: summary
2022-02-15 08:28:14,529 INFO    SenderThread:152802 [sender.py:_save_file():781] saving file wandb-summary.json with policy end
2022-02-15 08:28:17,836 DEBUG   SenderThread:152802 [sender.py:send():160] send: history
2022-02-15 08:28:17,837 DEBUG   SenderThread:152802 [sender.py:send():160] send: summary
2022-02-15 08:28:17,843 INFO    SenderThread:152802 [sender.py:_save_file():781] saving file wandb-summary.json with policy end
2022-02-15 08:28:18,999 DEBUG   SenderThread:152802 [sender.py:send():160] send: stats
2022-02-15 08:28:21,135 DEBUG   SenderThread:152802 [sender.py:send():160] send: history
2022-02-15 08:28:21,136 DEBUG   SenderThread:152802 [sender.py:send():160] send: summary
2022-02-15 08:28:21,138 INFO    SenderThread:152802 [sender.py:_save_file():781] saving file wandb-summary.json with policy end
2022-02-15 08:28:24,464 DEBUG   SenderThread:152802 [sender.py:send():160] send: history
2022-02-15 08:28:24,465 DEBUG   SenderThread:152802 [sender.py:send():160] send: summary
2022-02-15 08:28:24,467 INFO    SenderThread:152802 [sender.py:_save_file():781] saving file wandb-summary.json with policy end
2022-02-15 08:28:25,055 DEBUG   HandlerThread:152802 [handler.py:handle_request():120] handle_request: status
2022-02-15 08:28:25,055 DEBUG   SenderThread:152802 [sender.py:send():160] send: request
2022-02-15 08:28:25,055 DEBUG   SenderThread:152802 [sender.py:send_request():169] send_request: status
2022-02-15 08:28:27,816 DEBUG   SenderThread:152802 [sender.py:send():160] send: history
2022-02-15 08:28:27,816 DEBUG   SenderThread:152802 [sender.py:send():160] send: summary
2022-02-15 08:28:27,817 INFO    SenderThread:152802 [sender.py:_save_file():781] saving file wandb-summary.json with policy end
2022-02-15 08:28:31,039 DEBUG   SenderThread:152802 [sender.py:send():160] send: history
2022-02-15 08:28:31,040 DEBUG   SenderThread:152802 [sender.py:send():160] send: summary
2022-02-15 08:28:31,042 INFO    SenderThread:152802 [sender.py:_save_file():781] saving file wandb-summary.json with policy end
2022-02-15 08:28:34,246 DEBUG   SenderThread:152802 [sender.py:send():160] send: history
2022-02-15 08:28:34,247 DEBUG   SenderThread:152802 [sender.py:send():160] send: summary
2022-02-15 08:28:34,249 INFO    SenderThread:152802 [sender.py:_save_file():781] saving file wandb-summary.json with policy end
2022-02-15 08:28:37,530 DEBUG   SenderThread:152802 [sender.py:send():160] send: history
2022-02-15 08:28:37,530 DEBUG   SenderThread:152802 [sender.py:send():160] send: summary
2022-02-15 08:28:37,532 INFO    SenderThread:152802 [sender.py:_save_file():781] saving file wandb-summary.json with policy end
2022-02-15 08:28:40,450 DEBUG   HandlerThread:152802 [handler.py:handle_request():120] handle_request: status
2022-02-15 08:28:40,450 DEBUG   SenderThread:152802 [sender.py:send():160] send: request
2022-02-15 08:28:40,450 DEBUG   SenderThread:152802 [sender.py:send_request():169] send_request: status
2022-02-15 08:28:40,851 DEBUG   SenderThread:152802 [sender.py:send():160] send: history
2022-02-15 08:28:40,851 DEBUG   SenderThread:152802 [sender.py:send():160] send: summary
2022-02-15 08:28:40,852 INFO    SenderThread:152802 [sender.py:_save_file():781] saving file wandb-summary.json with policy end
2022-02-15 08:28:43,895 DEBUG   SenderThread:152802 [sender.py:send():160] send: history
2022-02-15 08:28:43,896 DEBUG   SenderThread:152802 [sender.py:send():160] send: summary
2022-02-15 08:28:43,898 INFO    SenderThread:152802 [sender.py:_save_file():781] saving file wandb-summary.json with policy end
2022-02-15 08:28:47,052 DEBUG   SenderThread:152802 [sender.py:send():160] send: history
2022-02-15 08:28:47,053 DEBUG   SenderThread:152802 [sender.py:send():160] send: summary
2022-02-15 08:28:47,055 INFO    SenderThread:152802 [sender.py:_save_file():781] saving file wandb-summary.json with policy end
2022-02-15 08:28:49,061 DEBUG   SenderThread:152802 [sender.py:send():160] send: stats
2022-02-15 08:28:50,216 DEBUG   SenderThread:152802 [sender.py:send():160] send: history
2022-02-15 08:28:50,217 DEBUG   SenderThread:152802 [sender.py:send():160] send: summary
2022-02-15 08:28:50,223 INFO    SenderThread:152802 [sender.py:_save_file():781] saving file wandb-summary.json with policy end
2022-02-15 08:28:53,416 DEBUG   SenderThread:152802 [sender.py:send():160] send: history
2022-02-15 08:28:53,418 DEBUG   SenderThread:152802 [sender.py:send():160] send: summary
2022-02-15 08:28:53,419 INFO    SenderThread:152802 [sender.py:_save_file():781] saving file wandb-summary.json with policy end
2022-02-15 08:28:55,852 DEBUG   HandlerThread:152802 [handler.py:handle_request():120] handle_request: status
2022-02-15 08:28:55,852 DEBUG   SenderThread:152802 [sender.py:send():160] send: request
2022-02-15 08:28:55,853 DEBUG   SenderThread:152802 [sender.py:send_request():169] send_request: status
2022-02-15 08:28:56,524 DEBUG   SenderThread:152802 [sender.py:send():160] send: history
2022-02-15 08:28:56,526 DEBUG   SenderThread:152802 [sender.py:send():160] send: summary
2022-02-15 08:28:56,527 INFO    SenderThread:152802 [sender.py:_save_file():781] saving file wandb-summary.json with policy end
2022-02-15 08:28:59,620 DEBUG   SenderThread:152802 [sender.py:send():160] send: history
2022-02-15 08:28:59,621 DEBUG   SenderThread:152802 [sender.py:send():160] send: summary
2022-02-15 08:28:59,622 INFO    SenderThread:152802 [sender.py:_save_file():781] saving file wandb-summary.json with policy end
2022-02-15 08:29:02,901 DEBUG   SenderThread:152802 [sender.py:send():160] send: history
2022-02-15 08:29:02,902 DEBUG   SenderThread:152802 [sender.py:send():160] send: summary
2022-02-15 08:29:02,904 INFO    SenderThread:152802 [sender.py:_save_file():781] saving file wandb-summary.json with policy end
2022-02-15 08:29:06,123 DEBUG   SenderThread:152802 [sender.py:send():160] send: history
2022-02-15 08:29:06,124 DEBUG   SenderThread:152802 [sender.py:send():160] send: summary
2022-02-15 08:29:06,126 INFO    SenderThread:152802 [sender.py:_save_file():781] saving file wandb-summary.json with policy end
2022-02-15 08:29:09,349 DEBUG   SenderThread:152802 [sender.py:send():160] send: history
2022-02-15 08:29:09,350 DEBUG   SenderThread:152802 [sender.py:send():160] send: summary
2022-02-15 08:29:09,351 INFO    SenderThread:152802 [sender.py:_save_file():781] saving file wandb-summary.json with policy end
2022-02-15 08:29:11,270 DEBUG   HandlerThread:152802 [handler.py:handle_request():120] handle_request: status
2022-02-15 08:29:11,271 DEBUG   SenderThread:152802 [sender.py:send():160] send: request
2022-02-15 08:29:11,271 DEBUG   SenderThread:152802 [sender.py:send_request():169] send_request: status
2022-02-15 08:29:12,591 DEBUG   SenderThread:152802 [sender.py:send():160] send: history
2022-02-15 08:29:12,592 DEBUG   SenderThread:152802 [sender.py:send():160] send: summary
2022-02-15 08:29:12,598 INFO    SenderThread:152802 [sender.py:_save_file():781] saving file wandb-summary.json with policy end
2022-02-15 08:29:15,829 DEBUG   SenderThread:152802 [sender.py:send():160] send: history
2022-02-15 08:29:15,830 DEBUG   SenderThread:152802 [sender.py:send():160] send: summary
2022-02-15 08:29:15,831 INFO    SenderThread:152802 [sender.py:_save_file():781] saving file wandb-summary.json with policy end
2022-02-15 08:29:18,909 DEBUG   SenderThread:152802 [sender.py:send():160] send: history
2022-02-15 08:29:18,910 DEBUG   SenderThread:152802 [sender.py:send():160] send: summary
2022-02-15 08:29:18,912 INFO    SenderThread:152802 [sender.py:_save_file():781] saving file wandb-summary.json with policy end
2022-02-15 08:29:19,119 DEBUG   SenderThread:152802 [sender.py:send():160] send: stats
2022-02-15 08:29:22,036 DEBUG   SenderThread:152802 [sender.py:send():160] send: history
2022-02-15 08:29:22,037 DEBUG   SenderThread:152802 [sender.py:send():160] send: summary
2022-02-15 08:29:22,038 INFO    SenderThread:152802 [sender.py:_save_file():781] saving file wandb-summary.json with policy end
2022-02-15 08:29:25,141 DEBUG   SenderThread:152802 [sender.py:send():160] send: history
2022-02-15 08:29:25,142 DEBUG   SenderThread:152802 [sender.py:send():160] send: summary
2022-02-15 08:29:25,144 INFO    SenderThread:152802 [sender.py:_save_file():781] saving file wandb-summary.json with policy end
2022-02-15 08:29:26,716 DEBUG   HandlerThread:152802 [handler.py:handle_request():120] handle_request: status
2022-02-15 08:29:26,717 DEBUG   SenderThread:152802 [sender.py:send():160] send: request
2022-02-15 08:29:26,717 DEBUG   SenderThread:152802 [sender.py:send_request():169] send_request: status
2022-02-15 08:29:28,220 DEBUG   SenderThread:152802 [sender.py:send():160] send: history
2022-02-15 08:29:28,221 DEBUG   SenderThread:152802 [sender.py:send():160] send: summary
2022-02-15 08:29:28,223 INFO    SenderThread:152802 [sender.py:_save_file():781] saving file wandb-summary.json with policy end
2022-02-15 08:29:31,308 DEBUG   SenderThread:152802 [sender.py:send():160] send: history
2022-02-15 08:29:31,309 DEBUG   SenderThread:152802 [sender.py:send():160] send: summary
2022-02-15 08:29:31,310 INFO    SenderThread:152802 [sender.py:_save_file():781] saving file wandb-summary.json with policy end
2022-02-15 08:29:34,426 DEBUG   SenderThread:152802 [sender.py:send():160] send: history
2022-02-15 08:29:34,428 DEBUG   SenderThread:152802 [sender.py:send():160] send: summary
2022-02-15 08:29:34,434 INFO    SenderThread:152802 [sender.py:_save_file():781] saving file wandb-summary.json with policy end
2022-02-15 08:29:37,537 DEBUG   SenderThread:152802 [sender.py:send():160] send: history
2022-02-15 08:29:37,537 DEBUG   SenderThread:152802 [sender.py:send():160] send: summary
2022-02-15 08:29:37,539 INFO    SenderThread:152802 [sender.py:_save_file():781] saving file wandb-summary.json with policy end
2022-02-15 08:29:40,702 DEBUG   SenderThread:152802 [sender.py:send():160] send: history
2022-02-15 08:29:40,703 DEBUG   SenderThread:152802 [sender.py:send():160] send: summary
2022-02-15 08:29:40,704 INFO    SenderThread:152802 [sender.py:_save_file():781] saving file wandb-summary.json with policy end
2022-02-15 08:29:42,128 DEBUG   HandlerThread:152802 [handler.py:handle_request():120] handle_request: status
2022-02-15 08:29:42,129 DEBUG   SenderThread:152802 [sender.py:send():160] send: request
2022-02-15 08:29:42,129 DEBUG   SenderThread:152802 [sender.py:send_request():169] send_request: status
2022-02-15 08:29:43,853 DEBUG   SenderThread:152802 [sender.py:send():160] send: history
2022-02-15 08:29:43,854 DEBUG   SenderThread:152802 [sender.py:send():160] send: summary
2022-02-15 08:29:43,856 INFO    SenderThread:152802 [sender.py:_save_file():781] saving file wandb-summary.json with policy end
2022-02-15 08:29:47,054 DEBUG   SenderThread:152802 [sender.py:send():160] send: history
2022-02-15 08:29:47,055 DEBUG   SenderThread:152802 [sender.py:send():160] send: summary
2022-02-15 08:29:47,056 INFO    SenderThread:152802 [sender.py:_save_file():781] saving file wandb-summary.json with policy end
2022-02-15 08:29:49,173 DEBUG   SenderThread:152802 [sender.py:send():160] send: stats
2022-02-15 08:29:50,252 DEBUG   SenderThread:152802 [sender.py:send():160] send: history
2022-02-15 08:29:50,253 DEBUG   SenderThread:152802 [sender.py:send():160] send: summary
2022-02-15 08:29:50,255 INFO    SenderThread:152802 [sender.py:_save_file():781] saving file wandb-summary.json with policy end
2022-02-15 08:29:53,430 DEBUG   SenderThread:152802 [sender.py:send():160] send: history
2022-02-15 08:29:53,430 DEBUG   SenderThread:152802 [sender.py:send():160] send: summary
2022-02-15 08:29:53,431 INFO    SenderThread:152802 [sender.py:_save_file():781] saving file wandb-summary.json with policy end
2022-02-15 08:29:56,639 DEBUG   SenderThread:152802 [sender.py:send():160] send: history
2022-02-15 08:29:56,640 DEBUG   SenderThread:152802 [sender.py:send():160] send: summary
2022-02-15 08:29:56,647 INFO    SenderThread:152802 [sender.py:_save_file():781] saving file wandb-summary.json with policy end
2022-02-15 08:29:57,545 DEBUG   HandlerThread:152802 [handler.py:handle_request():120] handle_request: status
2022-02-15 08:29:57,545 DEBUG   SenderThread:152802 [sender.py:send():160] send: request
2022-02-15 08:29:57,545 DEBUG   SenderThread:152802 [sender.py:send_request():169] send_request: status
2022-02-15 08:29:59,771 DEBUG   SenderThread:152802 [sender.py:send():160] send: history
2022-02-15 08:29:59,772 DEBUG   SenderThread:152802 [sender.py:send():160] send: summary
2022-02-15 08:29:59,773 INFO    SenderThread:152802 [sender.py:_save_file():781] saving file wandb-summary.json with policy end
2022-02-15 08:30:02,937 DEBUG   SenderThread:152802 [sender.py:send():160] send: history
2022-02-15 08:30:02,938 DEBUG   SenderThread:152802 [sender.py:send():160] send: summary
2022-02-15 08:30:02,939 INFO    SenderThread:152802 [sender.py:_save_file():781] saving file wandb-summary.json with policy end
2022-02-15 08:30:06,093 DEBUG   SenderThread:152802 [sender.py:send():160] send: history
2022-02-15 08:30:06,094 DEBUG   SenderThread:152802 [sender.py:send():160] send: summary
2022-02-15 08:30:06,096 INFO    SenderThread:152802 [sender.py:_save_file():781] saving file wandb-summary.json with policy end
2022-02-15 08:30:09,231 DEBUG   SenderThread:152802 [sender.py:send():160] send: history
2022-02-15 08:30:09,232 DEBUG   SenderThread:152802 [sender.py:send():160] send: summary
2022-02-15 08:30:09,234 INFO    SenderThread:152802 [sender.py:_save_file():781] saving file wandb-summary.json with policy end
2022-02-15 08:30:12,352 DEBUG   SenderThread:152802 [sender.py:send():160] send: history
2022-02-15 08:30:12,353 DEBUG   SenderThread:152802 [sender.py:send():160] send: summary
2022-02-15 08:30:12,354 INFO    SenderThread:152802 [sender.py:_save_file():781] saving file wandb-summary.json with policy end
2022-02-15 08:30:12,978 DEBUG   HandlerThread:152802 [handler.py:handle_request():120] handle_request: status
2022-02-15 08:30:12,978 DEBUG   SenderThread:152802 [sender.py:send():160] send: request
2022-02-15 08:30:12,978 DEBUG   SenderThread:152802 [sender.py:send_request():169] send_request: status
2022-02-15 08:30:15,463 DEBUG   SenderThread:152802 [sender.py:send():160] send: history
2022-02-15 08:30:15,464 DEBUG   SenderThread:152802 [sender.py:send():160] send: summary
2022-02-15 08:30:15,466 INFO    SenderThread:152802 [sender.py:_save_file():781] saving file wandb-summary.json with policy end
2022-02-15 08:30:18,605 DEBUG   SenderThread:152802 [sender.py:send():160] send: history
2022-02-15 08:30:18,606 DEBUG   SenderThread:152802 [sender.py:send():160] send: summary
2022-02-15 08:30:18,612 INFO    SenderThread:152802 [sender.py:_save_file():781] saving file wandb-summary.json with policy end
2022-02-15 08:30:19,230 DEBUG   SenderThread:152802 [sender.py:send():160] send: stats
2022-02-15 08:30:21,751 DEBUG   SenderThread:152802 [sender.py:send():160] send: history
2022-02-15 08:30:21,752 DEBUG   SenderThread:152802 [sender.py:send():160] send: summary
2022-02-15 08:30:21,754 INFO    SenderThread:152802 [sender.py:_save_file():781] saving file wandb-summary.json with policy end
2022-02-15 08:30:24,870 DEBUG   SenderThread:152802 [sender.py:send():160] send: history
2022-02-15 08:30:24,871 DEBUG   SenderThread:152802 [sender.py:send():160] send: summary
2022-02-15 08:30:24,873 INFO    SenderThread:152802 [sender.py:_save_file():781] saving file wandb-summary.json with policy end
2022-02-15 08:30:28,096 DEBUG   SenderThread:152802 [sender.py:send():160] send: history
2022-02-15 08:30:28,097 DEBUG   SenderThread:152802 [sender.py:send():160] send: summary
2022-02-15 08:30:28,099 INFO    SenderThread:152802 [sender.py:_save_file():781] saving file wandb-summary.json with policy end
2022-02-15 08:30:28,439 DEBUG   HandlerThread:152802 [handler.py:handle_request():120] handle_request: status
2022-02-15 08:30:28,440 DEBUG   SenderThread:152802 [sender.py:send():160] send: request
2022-02-15 08:30:28,440 DEBUG   SenderThread:152802 [sender.py:send_request():169] send_request: status
2022-02-15 08:31:02,358 ERROR   SenderThread:152802 [retry.py:__call__():111] Retry attempt failed:
Traceback (most recent call last):
  File "/opt/conda/lib/python3.6/site-packages/urllib3/connectionpool.py", line 426, in _make_request
    six.raise_from(e, None)
  File "<string>", line 3, in raise_from
  File "/opt/conda/lib/python3.6/site-packages/urllib3/connectionpool.py", line 421, in _make_request
    httplib_response = conn.getresponse()
  File "/opt/conda/lib/python3.6/http/client.py", line 1354, in getresponse
    response.begin()
  File "/opt/conda/lib/python3.6/http/client.py", line 307, in begin
    version, status, reason = self._read_status()
  File "/opt/conda/lib/python3.6/http/client.py", line 268, in _read_status
    line = str(self.fp.readline(_MAXLINE + 1), "iso-8859-1")
  File "/opt/conda/lib/python3.6/socket.py", line 586, in readinto
    return self._sock.recv_into(b)
  File "/opt/conda/lib/python3.6/ssl.py", line 1012, in recv_into
    return self.read(nbytes, buffer)
  File "/opt/conda/lib/python3.6/ssl.py", line 874, in read
    return self._sslobj.read(len, buffer)
  File "/opt/conda/lib/python3.6/ssl.py", line 631, in read
    v = self._sslobj.read(len, buffer)
socket.timeout: The read operation timed out

During handling of the above exception, another exception occurred:

Traceback (most recent call last):
  File "/opt/conda/lib/python3.6/site-packages/requests/adapters.py", line 449, in send
    timeout=timeout
  File "/opt/conda/lib/python3.6/site-packages/urllib3/connectionpool.py", line 727, in urlopen
    method, url, error=e, _pool=self, _stacktrace=sys.exc_info()[2]
  File "/opt/conda/lib/python3.6/site-packages/urllib3/util/retry.py", line 410, in increment
    raise six.reraise(type(error), error, _stacktrace)
  File "/opt/conda/lib/python3.6/site-packages/urllib3/packages/six.py", line 735, in reraise
    raise value
  File "/opt/conda/lib/python3.6/site-packages/urllib3/connectionpool.py", line 677, in urlopen
    chunked=chunked,
  File "/opt/conda/lib/python3.6/site-packages/urllib3/connectionpool.py", line 428, in _make_request
    self._raise_timeout(err=e, url=url, timeout_value=read_timeout)
  File "/opt/conda/lib/python3.6/site-packages/urllib3/connectionpool.py", line 336, in _raise_timeout
    self, url, "Read timed out. (read timeout=%s)" % timeout_value
urllib3.exceptions.ReadTimeoutError: HTTPSConnectionPool(host='api.wandb.ai', port=443): Read timed out. (read timeout=10)

During handling of the above exception, another exception occurred:

Traceback (most recent call last):
  File "/opt/conda/lib/python3.6/site-packages/wandb/old/retry.py", line 96, in __call__
    result = self._call_fn(*args, **kwargs)
  File "/opt/conda/lib/python3.6/site-packages/wandb/sdk/internal/internal_api.py", line 124, in execute
    return self.client.execute(*args, **kwargs)
  File "/opt/conda/lib/python3.6/site-packages/wandb/vendor/gql-0.2.0/gql/client.py", line 52, in execute
    result = self._get_result(document, *args, **kwargs)
  File "/opt/conda/lib/python3.6/site-packages/wandb/vendor/gql-0.2.0/gql/client.py", line 60, in _get_result
    return self.transport.execute(document, *args, **kwargs)
  File "/opt/conda/lib/python3.6/site-packages/wandb/vendor/gql-0.2.0/gql/transport/requests.py", line 38, in execute
    request = requests.post(self.url, **post_args)
  File "/opt/conda/lib/python3.6/site-packages/requests/api.py", line 119, in post
    return request('post', url, data=data, json=json, **kwargs)
  File "/opt/conda/lib/python3.6/site-packages/requests/api.py", line 61, in request
    return session.request(method=method, url=url, **kwargs)
  File "/opt/conda/lib/python3.6/site-packages/requests/sessions.py", line 530, in request
    resp = self.send(prep, **send_kwargs)
  File "/opt/conda/lib/python3.6/site-packages/requests/sessions.py", line 643, in send
    r = adapter.send(request, **kwargs)
  File "/opt/conda/lib/python3.6/site-packages/requests/adapters.py", line 529, in send
    raise ReadTimeout(e, request=request)
requests.exceptions.ReadTimeout: HTTPSConnectionPool(host='api.wandb.ai', port=443): Read timed out. (read timeout=10)
2022-02-15 08:31:10,762 DEBUG   SenderThread:152802 [sender.py:send():160] send: history
2022-02-15 08:31:10,762 DEBUG   SenderThread:152802 [sender.py:send():160] send: summary
2022-02-15 08:31:10,764 INFO    SenderThread:152802 [sender.py:_save_file():781] saving file wandb-summary.json with policy end
2022-02-15 08:31:10,764 DEBUG   SenderThread:152802 [sender.py:send():160] send: history
2022-02-15 08:31:10,764 DEBUG   SenderThread:152802 [sender.py:send():160] send: summary
2022-02-15 08:31:10,764 INFO    SenderThread:152802 [sender.py:_save_file():781] saving file wandb-summary.json with policy end
2022-02-15 08:31:10,765 DEBUG   SenderThread:152802 [sender.py:send():160] send: history
2022-02-15 08:31:10,765 DEBUG   SenderThread:152802 [sender.py:send():160] send: summary
2022-02-15 08:31:10,765 INFO    SenderThread:152802 [sender.py:_save_file():781] saving file wandb-summary.json with policy end
2022-02-15 08:31:10,765 DEBUG   SenderThread:152802 [sender.py:send():160] send: history
2022-02-15 08:31:10,765 DEBUG   SenderThread:152802 [sender.py:send():160] send: summary
2022-02-15 08:31:10,765 INFO    SenderThread:152802 [sender.py:_save_file():781] saving file wandb-summary.json with policy end
2022-02-15 08:31:10,765 DEBUG   SenderThread:152802 [sender.py:send():160] send: history
2022-02-15 08:31:10,765 DEBUG   SenderThread:152802 [sender.py:send():160] send: summary
2022-02-15 08:31:10,766 INFO    SenderThread:152802 [sender.py:_save_file():781] saving file wandb-summary.json with policy end
2022-02-15 08:31:10,766 DEBUG   SenderThread:152802 [sender.py:send():160] send: history
2022-02-15 08:31:10,766 DEBUG   SenderThread:152802 [sender.py:send():160] send: summary
2022-02-15 08:31:10,766 INFO    SenderThread:152802 [sender.py:_save_file():781] saving file wandb-summary.json with policy end
2022-02-15 08:31:10,766 DEBUG   SenderThread:152802 [sender.py:send():160] send: stats
2022-02-15 08:31:10,767 DEBUG   SenderThread:152802 [sender.py:send():160] send: history
2022-02-15 08:31:10,767 DEBUG   SenderThread:152802 [sender.py:send():160] send: summary
2022-02-15 08:31:10,767 INFO    SenderThread:152802 [sender.py:_save_file():781] saving file wandb-summary.json with policy end
2022-02-15 08:31:10,767 DEBUG   SenderThread:152802 [sender.py:send():160] send: history
2022-02-15 08:31:10,767 DEBUG   SenderThread:152802 [sender.py:send():160] send: summary
2022-02-15 08:31:10,767 INFO    SenderThread:152802 [sender.py:_save_file():781] saving file wandb-summary.json with policy end
2022-02-15 08:31:10,768 DEBUG   SenderThread:152802 [sender.py:send():160] send: history
2022-02-15 08:31:10,768 DEBUG   SenderThread:152802 [sender.py:send():160] send: summary
2022-02-15 08:31:10,768 INFO    SenderThread:152802 [sender.py:_save_file():781] saving file wandb-summary.json with policy end
2022-02-15 08:31:10,768 DEBUG   SenderThread:152802 [sender.py:send():160] send: history
2022-02-15 08:31:10,768 DEBUG   SenderThread:152802 [sender.py:send():160] send: summary
2022-02-15 08:31:10,768 INFO    SenderThread:152802 [sender.py:_save_file():781] saving file wandb-summary.json with policy end
2022-02-15 08:31:10,768 DEBUG   SenderThread:152802 [sender.py:send():160] send: history
2022-02-15 08:31:10,768 DEBUG   SenderThread:152802 [sender.py:send():160] send: summary
2022-02-15 08:31:10,768 INFO    SenderThread:152802 [sender.py:_save_file():781] saving file wandb-summary.json with policy end
2022-02-15 08:31:10,769 DEBUG   SenderThread:152802 [sender.py:send():160] send: history
2022-02-15 08:31:10,769 DEBUG   SenderThread:152802 [sender.py:send():160] send: summary
2022-02-15 08:31:10,769 INFO    SenderThread:152802 [sender.py:_save_file():781] saving file wandb-summary.json with policy end
2022-02-15 08:31:10,769 DEBUG   SenderThread:152802 [sender.py:send():160] send: history
2022-02-15 08:31:10,769 DEBUG   SenderThread:152802 [sender.py:send():160] send: summary
2022-02-15 08:31:10,769 INFO    SenderThread:152802 [sender.py:_save_file():781] saving file wandb-summary.json with policy end
2022-02-15 08:31:12,321 DEBUG   SenderThread:152802 [sender.py:send():160] send: history
2022-02-15 08:31:12,323 DEBUG   SenderThread:152802 [sender.py:send():160] send: summary
2022-02-15 08:31:12,324 INFO    SenderThread:152802 [sender.py:_save_file():781] saving file wandb-summary.json with policy end
2022-02-15 08:31:15,554 DEBUG   SenderThread:152802 [sender.py:send():160] send: history
2022-02-15 08:31:15,555 DEBUG   SenderThread:152802 [sender.py:send():160] send: summary
2022-02-15 08:31:15,557 INFO    SenderThread:152802 [sender.py:_save_file():781] saving file wandb-summary.json with policy end
2022-02-15 08:31:18,782 DEBUG   SenderThread:152802 [sender.py:send():160] send: history
2022-02-15 08:31:18,783 DEBUG   SenderThread:152802 [sender.py:send():160] send: summary
2022-02-15 08:31:18,784 INFO    SenderThread:152802 [sender.py:_save_file():781] saving file wandb-summary.json with policy end
2022-02-15 08:31:19,352 DEBUG   SenderThread:152802 [sender.py:send():160] send: stats
2022-02-15 08:31:21,972 DEBUG   SenderThread:152802 [sender.py:send():160] send: history
2022-02-15 08:31:21,973 DEBUG   SenderThread:152802 [sender.py:send():160] send: summary
2022-02-15 08:31:21,979 INFO    SenderThread:152802 [sender.py:_save_file():781] saving file wandb-summary.json with policy end
2022-02-15 08:31:25,208 DEBUG   SenderThread:152802 [sender.py:send():160] send: history
2022-02-15 08:31:25,209 DEBUG   SenderThread:152802 [sender.py:send():160] send: summary
2022-02-15 08:31:25,211 INFO    SenderThread:152802 [sender.py:_save_file():781] saving file wandb-summary.json with policy end
2022-02-15 08:31:25,763 DEBUG   HandlerThread:152802 [handler.py:handle_request():120] handle_request: status
2022-02-15 08:31:25,763 DEBUG   SenderThread:152802 [sender.py:send():160] send: request
2022-02-15 08:31:25,763 DEBUG   SenderThread:152802 [sender.py:send_request():169] send_request: status
2022-02-15 08:31:28,442 DEBUG   SenderThread:152802 [sender.py:send():160] send: history
2022-02-15 08:31:28,444 DEBUG   SenderThread:152802 [sender.py:send():160] send: summary
2022-02-15 08:31:28,445 INFO    SenderThread:152802 [sender.py:_save_file():781] saving file wandb-summary.json with policy end
2022-02-15 08:31:31,699 DEBUG   SenderThread:152802 [sender.py:send():160] send: history
2022-02-15 08:31:31,700 DEBUG   SenderThread:152802 [sender.py:send():160] send: summary
2022-02-15 08:31:31,702 INFO    SenderThread:152802 [sender.py:_save_file():781] saving file wandb-summary.json with policy end
2022-02-15 08:31:34,918 DEBUG   SenderThread:152802 [sender.py:send():160] send: history
2022-02-15 08:31:34,919 DEBUG   SenderThread:152802 [sender.py:send():160] send: summary
2022-02-15 08:31:34,923 INFO    SenderThread:152802 [sender.py:_save_file():781] saving file wandb-summary.json with policy end
2022-02-15 08:31:38,073 DEBUG   SenderThread:152802 [sender.py:send():160] send: history
2022-02-15 08:31:38,074 DEBUG   SenderThread:152802 [sender.py:send():160] send: summary
2022-02-15 08:31:38,075 INFO    SenderThread:152802 [sender.py:_save_file():781] saving file wandb-summary.json with policy end
2022-02-15 08:31:41,219 DEBUG   SenderThread:152802 [sender.py:send():160] send: history
2022-02-15 08:31:41,220 DEBUG   SenderThread:152802 [sender.py:send():160] send: summary
2022-02-15 08:31:41,222 INFO    SenderThread:152802 [sender.py:_save_file():781] saving file wandb-summary.json with policy end
2022-02-15 08:31:41,255 DEBUG   HandlerThread:152802 [handler.py:handle_request():120] handle_request: status
2022-02-15 08:31:41,256 DEBUG   SenderThread:152802 [sender.py:send():160] send: request
2022-02-15 08:31:41,256 DEBUG   SenderThread:152802 [sender.py:send_request():169] send_request: status
2022-02-15 08:31:44,422 DEBUG   SenderThread:152802 [sender.py:send():160] send: history
2022-02-15 08:31:44,423 DEBUG   SenderThread:152802 [sender.py:send():160] send: summary
2022-02-15 08:31:44,425 INFO    SenderThread:152802 [sender.py:_save_file():781] saving file wandb-summary.json with policy end
2022-02-15 08:31:47,628 DEBUG   SenderThread:152802 [sender.py:send():160] send: history
2022-02-15 08:31:47,630 DEBUG   SenderThread:152802 [sender.py:send():160] send: summary
2022-02-15 08:31:47,631 INFO    SenderThread:152802 [sender.py:_save_file():781] saving file wandb-summary.json with policy end
2022-02-15 08:31:49,411 DEBUG   SenderThread:152802 [sender.py:send():160] send: stats
2022-02-15 08:31:50,839 DEBUG   SenderThread:152802 [sender.py:send():160] send: history
2022-02-15 08:31:50,840 DEBUG   SenderThread:152802 [sender.py:send():160] send: summary
2022-02-15 08:31:50,842 INFO    SenderThread:152802 [sender.py:_save_file():781] saving file wandb-summary.json with policy end
2022-02-15 08:31:54,018 DEBUG   SenderThread:152802 [sender.py:send():160] send: history
2022-02-15 08:31:54,019 DEBUG   SenderThread:152802 [sender.py:send():160] send: summary
2022-02-15 08:31:54,021 INFO    SenderThread:152802 [sender.py:_save_file():781] saving file wandb-summary.json with policy end
2022-02-15 08:31:56,667 DEBUG   HandlerThread:152802 [handler.py:handle_request():120] handle_request: status
2022-02-15 08:31:56,667 DEBUG   SenderThread:152802 [sender.py:send():160] send: request
2022-02-15 08:31:56,667 DEBUG   SenderThread:152802 [sender.py:send_request():169] send_request: status
2022-02-15 08:31:57,108 DEBUG   SenderThread:152802 [sender.py:send():160] send: history
2022-02-15 08:31:57,110 DEBUG   SenderThread:152802 [sender.py:send():160] send: summary
2022-02-15 08:31:57,111 INFO    SenderThread:152802 [sender.py:_save_file():781] saving file wandb-summary.json with policy end
2022-02-15 08:32:00,262 DEBUG   SenderThread:152802 [sender.py:send():160] send: history
2022-02-15 08:32:00,264 DEBUG   SenderThread:152802 [sender.py:send():160] send: summary
2022-02-15 08:32:00,265 INFO    SenderThread:152802 [sender.py:_save_file():781] saving file wandb-summary.json with policy end
2022-02-15 08:32:03,417 DEBUG   SenderThread:152802 [sender.py:send():160] send: history
2022-02-15 08:32:03,417 DEBUG   SenderThread:152802 [sender.py:send():160] send: summary
2022-02-15 08:32:03,418 INFO    SenderThread:152802 [sender.py:_save_file():781] saving file wandb-summary.json with policy end
2022-02-15 08:32:06,572 DEBUG   SenderThread:152802 [sender.py:send():160] send: history
2022-02-15 08:32:06,574 DEBUG   SenderThread:152802 [sender.py:send():160] send: summary
2022-02-15 08:32:06,580 INFO    SenderThread:152802 [sender.py:_save_file():781] saving file wandb-summary.json with policy end
2022-02-15 08:32:09,729 DEBUG   SenderThread:152802 [sender.py:send():160] send: history
2022-02-15 08:32:09,730 DEBUG   SenderThread:152802 [sender.py:send():160] send: summary
2022-02-15 08:32:09,731 INFO    SenderThread:152802 [sender.py:_save_file():781] saving file wandb-summary.json with policy end
2022-02-15 08:32:12,074 DEBUG   HandlerThread:152802 [handler.py:handle_request():120] handle_request: status
2022-02-15 08:32:12,074 DEBUG   SenderThread:152802 [sender.py:send():160] send: request
2022-02-15 08:32:12,074 DEBUG   SenderThread:152802 [sender.py:send_request():169] send_request: status
2022-02-15 08:32:12,892 DEBUG   SenderThread:152802 [sender.py:send():160] send: history
2022-02-15 08:32:12,893 DEBUG   SenderThread:152802 [sender.py:send():160] send: summary
2022-02-15 08:32:12,895 INFO    SenderThread:152802 [sender.py:_save_file():781] saving file wandb-summary.json with policy end
2022-02-15 08:32:16,037 DEBUG   SenderThread:152802 [sender.py:send():160] send: history
2022-02-15 08:32:16,037 DEBUG   SenderThread:152802 [sender.py:send():160] send: summary
2022-02-15 08:32:16,039 INFO    SenderThread:152802 [sender.py:_save_file():781] saving file wandb-summary.json with policy end
2022-02-15 08:32:19,175 DEBUG   SenderThread:152802 [sender.py:send():160] send: history
2022-02-15 08:32:19,176 DEBUG   SenderThread:152802 [sender.py:send():160] send: summary
2022-02-15 08:32:19,178 INFO    SenderThread:152802 [sender.py:_save_file():781] saving file wandb-summary.json with policy end
2022-02-15 08:32:19,469 DEBUG   SenderThread:152802 [sender.py:send():160] send: stats
2022-02-15 08:32:22,361 DEBUG   SenderThread:152802 [sender.py:send():160] send: history
2022-02-15 08:32:22,362 DEBUG   SenderThread:152802 [sender.py:send():160] send: summary
2022-02-15 08:32:22,364 INFO    SenderThread:152802 [sender.py:_save_file():781] saving file wandb-summary.json with policy end
2022-02-15 08:32:25,542 DEBUG   SenderThread:152802 [sender.py:send():160] send: history
2022-02-15 08:32:25,543 DEBUG   SenderThread:152802 [sender.py:send():160] send: summary
2022-02-15 08:32:25,545 INFO    SenderThread:152802 [sender.py:_save_file():781] saving file wandb-summary.json with policy end
2022-02-15 08:32:27,487 DEBUG   HandlerThread:152802 [handler.py:handle_request():120] handle_request: status
2022-02-15 08:32:27,488 DEBUG   SenderThread:152802 [sender.py:send():160] send: request
2022-02-15 08:32:27,488 DEBUG   SenderThread:152802 [sender.py:send_request():169] send_request: status
2022-02-15 08:32:28,719 DEBUG   SenderThread:152802 [sender.py:send():160] send: history
2022-02-15 08:32:28,719 DEBUG   SenderThread:152802 [sender.py:send():160] send: summary
2022-02-15 08:32:28,721 INFO    SenderThread:152802 [sender.py:_save_file():781] saving file wandb-summary.json with policy end
2022-02-15 08:32:31,948 DEBUG   SenderThread:152802 [sender.py:send():160] send: history
2022-02-15 08:32:31,949 DEBUG   SenderThread:152802 [sender.py:send():160] send: summary
2022-02-15 08:32:31,951 INFO    SenderThread:152802 [sender.py:_save_file():781] saving file wandb-summary.json with policy end
2022-02-15 08:32:35,160 DEBUG   SenderThread:152802 [sender.py:send():160] send: history
2022-02-15 08:32:35,161 DEBUG   SenderThread:152802 [sender.py:send():160] send: summary
2022-02-15 08:32:35,163 INFO    SenderThread:152802 [sender.py:_save_file():781] saving file wandb-summary.json with policy end
2022-02-15 08:32:38,389 DEBUG   SenderThread:152802 [sender.py:send():160] send: history
2022-02-15 08:32:38,390 DEBUG   SenderThread:152802 [sender.py:send():160] send: summary
2022-02-15 08:32:38,392 INFO    SenderThread:152802 [sender.py:_save_file():781] saving file wandb-summary.json with policy end
2022-02-15 08:32:41,607 DEBUG   SenderThread:152802 [sender.py:send():160] send: history
2022-02-15 08:32:41,607 DEBUG   SenderThread:152802 [sender.py:send():160] send: summary
2022-02-15 08:32:41,608 INFO    SenderThread:152802 [sender.py:_save_file():781] saving file wandb-summary.json with policy end
2022-02-15 08:32:43,616 DEBUG   SenderThread:152802 [sender.py:send():160] send: telemetry
2022-02-15 08:32:43,627 DEBUG   HandlerThread:152802 [handler.py:handle_request():120] handle_request: poll_exit
2022-02-15 08:32:44,109 DEBUG   SenderThread:152802 [sender.py:send():160] send: exit
2022-02-15 08:32:44,109 INFO    SenderThread:152802 [sender.py:send_exit():238] handling exit code: 0
2022-02-15 08:32:44,111 INFO    SenderThread:152802 [sender.py:send_exit():246] send defer
2022-02-15 08:32:44,111 DEBUG   SenderThread:152802 [sender.py:send():160] send: request
2022-02-15 08:32:44,112 DEBUG   SenderThread:152802 [sender.py:send_request():169] send_request: poll_exit
2022-02-15 08:32:44,113 DEBUG   HandlerThread:152802 [handler.py:handle_request():120] handle_request: defer
2022-02-15 08:32:44,113 INFO    HandlerThread:152802 [handler.py:handle_request_defer():134] handle defer: 0
2022-02-15 08:32:44,114 DEBUG   SenderThread:152802 [sender.py:send():160] send: request
2022-02-15 08:32:44,114 DEBUG   SenderThread:152802 [sender.py:send_request():169] send_request: defer
2022-02-15 08:32:44,115 INFO    SenderThread:152802 [sender.py:send_request_defer():255] handle sender defer: 0
2022-02-15 08:32:44,115 INFO    SenderThread:152802 [sender.py:send_request_defer():291] send defer: 1
2022-02-15 08:32:44,116 DEBUG   HandlerThread:152802 [handler.py:handle_request():120] handle_request: defer
2022-02-15 08:32:44,116 INFO    HandlerThread:152802 [handler.py:handle_request_defer():134] handle defer: 1
2022-02-15 08:32:44,220 DEBUG   SenderThread:152802 [sender.py:send():160] send: request
2022-02-15 08:32:44,220 DEBUG   SenderThread:152802 [sender.py:send_request():169] send_request: defer
2022-02-15 08:32:44,220 INFO    SenderThread:152802 [sender.py:send_request_defer():255] handle sender defer: 1
2022-02-15 08:32:44,220 INFO    SenderThread:152802 [sender.py:send_request_defer():291] send defer: 2
2022-02-15 08:32:44,221 DEBUG   HandlerThread:152802 [handler.py:handle_request():120] handle_request: poll_exit
2022-02-15 08:32:44,222 DEBUG   HandlerThread:152802 [handler.py:handle_request():120] handle_request: defer
2022-02-15 08:32:44,223 DEBUG   SenderThread:152802 [sender.py:send():160] send: request
2022-02-15 08:32:44,223 INFO    HandlerThread:152802 [handler.py:handle_request_defer():134] handle defer: 2
2022-02-15 08:32:44,223 DEBUG   SenderThread:152802 [sender.py:send_request():169] send_request: poll_exit
2022-02-15 08:32:44,224 DEBUG   SenderThread:152802 [sender.py:send():160] send: stats
2022-02-15 08:32:44,225 DEBUG   SenderThread:152802 [sender.py:send():160] send: request
2022-02-15 08:32:44,225 DEBUG   SenderThread:152802 [sender.py:send_request():169] send_request: defer
2022-02-15 08:32:44,225 INFO    SenderThread:152802 [sender.py:send_request_defer():255] handle sender defer: 2
2022-02-15 08:32:44,226 INFO    SenderThread:152802 [sender.py:send_request_defer():291] send defer: 3
2022-02-15 08:32:44,227 DEBUG   HandlerThread:152802 [handler.py:handle_request():120] handle_request: defer
2022-02-15 08:32:44,228 INFO    HandlerThread:152802 [handler.py:handle_request_defer():134] handle defer: 3
2022-02-15 08:32:44,229 DEBUG   SenderThread:152802 [sender.py:send():160] send: summary
2022-02-15 08:32:44,230 INFO    SenderThread:152802 [sender.py:_save_file():781] saving file wandb-summary.json with policy end
2022-02-15 08:32:44,230 DEBUG   SenderThread:152802 [sender.py:send():160] send: request
2022-02-15 08:32:44,230 DEBUG   SenderThread:152802 [sender.py:send_request():169] send_request: defer
2022-02-15 08:32:44,231 INFO    SenderThread:152802 [sender.py:send_request_defer():255] handle sender defer: 3
2022-02-15 08:32:44,231 INFO    SenderThread:152802 [sender.py:send_request_defer():291] send defer: 4
2022-02-15 08:32:44,232 DEBUG   HandlerThread:152802 [handler.py:handle_request():120] handle_request: defer
2022-02-15 08:32:44,232 INFO    HandlerThread:152802 [handler.py:handle_request_defer():134] handle defer: 4
2022-02-15 08:32:44,232 DEBUG   SenderThread:152802 [sender.py:send():160] send: request
2022-02-15 08:32:44,233 DEBUG   SenderThread:152802 [sender.py:send_request():169] send_request: defer
2022-02-15 08:32:44,233 INFO    SenderThread:152802 [sender.py:send_request_defer():255] handle sender defer: 4
2022-02-15 08:32:44,328 DEBUG   HandlerThread:152802 [handler.py:handle_request():120] handle_request: poll_exit
2022-02-15 08:32:44,989 INFO    SenderThread:152802 [sender.py:send_request_defer():291] send defer: 5
2022-02-15 08:32:44,989 DEBUG   SenderThread:152802 [sender.py:send():160] send: request
2022-02-15 08:32:44,989 DEBUG   SenderThread:152802 [sender.py:send_request():169] send_request: poll_exit
2022-02-15 08:32:44,994 DEBUG   HandlerThread:152802 [handler.py:handle_request():120] handle_request: defer
2022-02-15 08:32:44,994 INFO    HandlerThread:152802 [handler.py:handle_request_defer():134] handle defer: 5
2022-02-15 08:32:44,994 DEBUG   SenderThread:152802 [sender.py:send():160] send: request
2022-02-15 08:32:44,994 DEBUG   SenderThread:152802 [sender.py:send_request():169] send_request: defer
2022-02-15 08:32:44,994 INFO    SenderThread:152802 [sender.py:send_request_defer():255] handle sender defer: 5
2022-02-15 08:32:44,996 INFO    SenderThread:152802 [sender.py:send_request_defer():291] send defer: 6
2022-02-15 08:32:44,996 DEBUG   HandlerThread:152802 [handler.py:handle_request():120] handle_request: defer
2022-02-15 08:32:44,996 INFO    HandlerThread:152802 [handler.py:handle_request_defer():134] handle defer: 6
2022-02-15 08:32:44,997 DEBUG   SenderThread:152802 [sender.py:send():160] send: request
2022-02-15 08:32:44,997 DEBUG   SenderThread:152802 [sender.py:send_request():169] send_request: defer
2022-02-15 08:32:44,997 INFO    SenderThread:152802 [sender.py:send_request_defer():255] handle sender defer: 6
2022-02-15 08:32:45,092 DEBUG   HandlerThread:152802 [handler.py:handle_request():120] handle_request: poll_exit
2022-02-15 08:32:45,546 INFO    SenderThread:152802 [sender.py:send_request_defer():291] send defer: 7
2022-02-15 08:32:45,546 DEBUG   SenderThread:152802 [sender.py:send():160] send: request
2022-02-15 08:32:45,546 DEBUG   SenderThread:152802 [sender.py:send_request():169] send_request: poll_exit
2022-02-15 08:32:45,548 DEBUG   HandlerThread:152802 [handler.py:handle_request():120] handle_request: defer
2022-02-15 08:32:45,548 INFO    HandlerThread:152802 [handler.py:handle_request_defer():134] handle defer: 7
2022-02-15 08:32:45,548 DEBUG   SenderThread:152802 [sender.py:send():160] send: request
2022-02-15 08:32:45,549 DEBUG   SenderThread:152802 [sender.py:send_request():169] send_request: defer
2022-02-15 08:32:45,549 INFO    SenderThread:152802 [sender.py:send_request_defer():255] handle sender defer: 7
2022-02-15 08:32:45,549 INFO    SenderThread:152802 [sender.py:send_request_defer():291] send defer: 8
2022-02-15 08:32:45,551 DEBUG   SenderThread:152802 [sender.py:send():160] send: final
2022-02-15 08:32:45,552 DEBUG   SenderThread:152802 [sender.py:send():160] send: footer
2022-02-15 08:32:45,552 DEBUG   HandlerThread:152802 [handler.py:handle_request():120] handle_request: defer
2022-02-15 08:32:45,553 INFO    HandlerThread:152802 [handler.py:handle_request_defer():134] handle defer: 8
2022-02-15 08:32:45,553 DEBUG   SenderThread:152802 [sender.py:send():160] send: request
2022-02-15 08:32:45,554 DEBUG   SenderThread:152802 [sender.py:send_request():169] send_request: defer
2022-02-15 08:32:45,554 INFO    SenderThread:152802 [sender.py:send_request_defer():255] handle sender defer: 8
2022-02-15 08:32:45,649 DEBUG   HandlerThread:152802 [handler.py:handle_request():120] handle_request: poll_exit
2022-02-15 08:32:45,650 DEBUG   SenderThread:152802 [sender.py:send():160] send: request
2022-02-15 08:32:45,650 DEBUG   SenderThread:152802 [sender.py:send_request():169] send_request: poll_exit
2022-02-15 08:32:45,753 DEBUG   HandlerThread:152802 [handler.py:handle_request():120] handle_request: poll_exit
2022-02-15 08:32:45,753 DEBUG   SenderThread:152802 [sender.py:send():160] send: request
2022-02-15 08:32:45,753 DEBUG   SenderThread:152802 [sender.py:send_request():169] send_request: poll_exit
2022-02-15 08:32:45,856 DEBUG   HandlerThread:152802 [handler.py:handle_request():120] handle_request: poll_exit
2022-02-15 08:32:45,857 DEBUG   SenderThread:152802 [sender.py:send():160] send: request
2022-02-15 08:32:45,857 DEBUG   SenderThread:152802 [sender.py:send_request():169] send_request: poll_exit
2022-02-15 08:32:45,960 DEBUG   HandlerThread:152802 [handler.py:handle_request():120] handle_request: poll_exit
2022-02-15 08:32:45,960 DEBUG   SenderThread:152802 [sender.py:send():160] send: request
2022-02-15 08:32:45,960 DEBUG   SenderThread:152802 [sender.py:send_request():169] send_request: poll_exit
2022-02-15 08:32:46,063 DEBUG   HandlerThread:152802 [handler.py:handle_request():120] handle_request: poll_exit
2022-02-15 08:32:46,064 DEBUG   SenderThread:152802 [sender.py:send():160] send: request
2022-02-15 08:32:46,064 DEBUG   SenderThread:152802 [sender.py:send_request():169] send_request: poll_exit
2022-02-15 08:32:46,166 DEBUG   HandlerThread:152802 [handler.py:handle_request():120] handle_request: poll_exit
2022-02-15 08:32:46,167 DEBUG   SenderThread:152802 [sender.py:send():160] send: request
2022-02-15 08:32:46,167 DEBUG   SenderThread:152802 [sender.py:send_request():169] send_request: poll_exit
2022-02-15 08:32:46,270 DEBUG   HandlerThread:152802 [handler.py:handle_request():120] handle_request: poll_exit
2022-02-15 08:32:46,270 DEBUG   SenderThread:152802 [sender.py:send():160] send: request
2022-02-15 08:32:46,271 DEBUG   SenderThread:152802 [sender.py:send_request():169] send_request: poll_exit
2022-02-15 08:32:46,273 DEBUG   HandlerThread:152802 [handler.py:handle_request():120] handle_request: get_summary
2022-02-15 08:32:46,276 DEBUG   HandlerThread:152802 [handler.py:handle_request():120] handle_request: sampled_history
2022-02-15 08:32:46,283 DEBUG   HandlerThread:152802 [handler.py:handle_request():120] handle_request: shutdown
2022-02-15 08:32:46,284 INFO    HandlerThread:152802 [handler.py:finish():624] shutting down handler
2022-02-15 08:32:46,552 INFO    WriterThread:152802 [datastore.py:close():258] close: /workspace/graph-neural-pde/src/wandb/run-20220215_082718-Clipping alpha=2.0 - bound=0.25000000000000006/run-Clipping alpha=2.0 - bound=0.25000000000000006.wandb
2022-02-15 08:32:47,271 INFO    SenderThread:152802 [sender.py:finish():884] shutting down sender
2022-02-15 08:32:47,273 INFO    MainThread:152802 [internal.py:handle_exit():78] Internal process exited
